<?xml version="1.0" encoding="UTF-8"?>
<!-- Generated by org.testng.reporters.JUnitReportReporter -->
<testsuite hostname="DESKTOP-I98RHNG" failures="0" tests="1" name="testScripts.Login" time="35.978" errors="0" timestamp="2023-01-10T14:11:08 IST" skipped="0">
  <testcase classname="testScripts.Login" name="login" time="35.978"/>
  <system-out/>
</testsuite> <!-- testScripts.Login -->
