<?xml version="1.0" encoding="UTF-8"?>
<!-- Generated by org.testng.reporters.JUnitReportReporter -->
<testsuite hostname="DESKTOP-I98RHNG" failures="0" tests="1" name="pomScripts.Check" time="162.068" errors="0" timestamp="2023-01-04T12:45:58 IST" skipped="0">
  <testcase classname="pomScripts.Check" name="check" time="162.068"/>
  <system-out/>
</testsuite> <!-- pomScripts.Check -->
