<?xml version="1.0" encoding="UTF-8"?>
<!-- Generated by org.testng.reporters.JUnitReportReporter -->
<testsuite skipped="0" hostname="DESKTOP-I98RHNG" name="testScripts.Login" tests="1" failures="0" timestamp="10 Jan 2023 09:21:18 GMT" time="122.637" errors="0">
  <testcase name="login" time="122.637" classname="testScripts.Login"/>
</testsuite> <!-- testScripts.Login -->
